2026-04-14 01:57:52,587 asyncio DEBUG Using selector: EpollSelector
2026-04-14 01:57:53,571 ravn.cli.commands INFO cron: wired 0 config job(s); store at /volundr/home/.ravn/cron/jobs.json
2026-04-14 01:57:53,571 ravn.cli.commands INFO mimir: source trigger registered (poll=60s, persona=mimir-curator)
2026-04-14 01:57:53,572 ravn.cli.commands INFO mimir: staleness trigger registered (schedule=6h, top_n=20, persona=mimir-curator)
2026-04-14 01:57:53,573 ravn.cli.commands INFO thread: queue trigger registered (enabled=False, poll_interval=300s)
2026-04-14 01:57:53,676 ravn.cli.commands INFO cascade: registered 6 tools (mesh=True, discovery=True)
2026-04-14 01:57:53,676 ravn.cli.commands INFO mesh_routing: registered 2 tools
2026-04-14 01:57:53,867 ravn.adapters.discovery.mdns DEBUG mdns_discovery: service registration failed: 
2026-04-14 01:57:53,868 ravn.adapters.discovery.mdns INFO mdns_discovery: started peer=ravn-mesh-1 handshake_port=7490
2026-04-14 01:57:53,873 sleipnir.adapters.nng_transport DEBUG NngPublisher: bound to ipc:///tmp/ravn-mesh/node-1.ipc
2026-04-14 01:57:53,877 sleipnir.adapters.discovery DEBUG ServiceRegistry: registered ravn:ravn-mesh-1 at ipc:///tmp/ravn-mesh/node-1.ipc
2026-04-14 01:57:53,880 sleipnir.adapters.nng_transport DEBUG NngSubscriber: discovered 2 publisher(s): ['ipc:///tmp/ravn-mesh/test-pub.ipc', 'ipc:///tmp/ravn-mesh/node-1.ipc']
2026-04-14 01:57:53,880 sleipnir.adapters.nng_transport DEBUG NngSubscriber: dialing ipc:///tmp/ravn-mesh/test-pub.ipc
2026-04-14 01:57:53,880 sleipnir.adapters.nng_transport DEBUG NngSubscriber: dialing ipc:///tmp/ravn-mesh/node-1.ipc
2026-04-14 01:57:53,880 pynng.nng DEBUG Pipe callback event 0
2026-04-14 01:57:53,881 pynng.nng DEBUG Pipe callback event 0
2026-04-14 01:57:53,881 pynng.nng DEBUG Pipe callback event 0
2026-04-14 01:57:53,881 pynng.nng DEBUG Pipe callback event 1
2026-04-14 01:57:53,881 pynng.nng DEBUG Pipe callback event 1
2026-04-14 01:57:53,881 pynng.nng DEBUG Pipe callback event 1
2026-04-14 01:57:53,901 ravn.adapters.mesh.sleipnir_mesh INFO sleipnir_mesh: started peer=ravn-mesh-1
ravn daemon started.
  Channels: none
  Triggers: cron, mimir_source, mimir_staleness, thread_queue
  Drive loop: running (max 3 concurrent tasks)
Press Ctrl+C to stop.
2026-04-14 01:57:53,902 ravn.drive_loop INFO drive_loop: starting trigger 'cron'
2026-04-14 01:57:53,903 ravn.adapters.triggers.cron WARNING cron: another instance holds the lock — skipping
2026-04-14 01:57:53,904 ravn.drive_loop INFO drive_loop: starting trigger 'mimir_source'
2026-04-14 01:57:53,904 ravn.adapters.triggers.mimir_source INFO MimirSourceTrigger: starting (poll_interval=60s, persona=mimir-curator)
2026-04-14 01:57:53,986 ravn.drive_loop INFO drive_loop: starting trigger 'mimir_staleness'
2026-04-14 01:57:53,986 ravn.adapters.triggers.mimir_staleness INFO MimirStalenessTrigger: starting (schedule=6h, top_n=20, persona=mimir-curator)
2026-04-14 01:57:53,987 ravn.adapters.triggers.mimir_staleness DEBUG MimirStalenessTrigger: no usage data — skipping
2026-04-14 01:57:53,987 ravn.drive_loop INFO drive_loop: starting trigger 'thread_queue'
2026-04-14 01:57:53,987 ravn.adapters.triggers.thread_queue INFO ThreadQueueTrigger: starting (enabled=False, poll_interval=300s, owner='ravn-ff0690ff')
2026-04-14 01:57:53,987 httpcore.connection DEBUG connect_tcp.started host='volundr.valhalla.asgard.niuu.world' port=443 local_address=None timeout=30.0 socket_options=None
2026-04-14 01:57:53,992 httpcore.connection DEBUG connect_tcp.complete return_value=<httpcore._backends.anyio.AnyIOStream object at 0x77fe12419400>
2026-04-14 01:57:53,992 httpcore.connection DEBUG start_tls.started ssl_context=<ssl.SSLContext object at 0x77fe223c3800> server_hostname='volundr.valhalla.asgard.niuu.world' timeout=30.0
2026-04-14 01:57:53,998 httpcore.connection DEBUG start_tls.complete return_value=<httpcore._backends.anyio.AnyIOStream object at 0x77fe123e4b90>
2026-04-14 01:57:53,998 httpcore.http11 DEBUG send_request_headers.started request=<Request [b'GET']>
2026-04-14 01:57:53,999 httpcore.http11 DEBUG send_request_headers.complete
2026-04-14 01:57:53,999 httpcore.http11 DEBUG send_request_body.started request=<Request [b'GET']>
2026-04-14 01:57:53,999 httpcore.http11 DEBUG send_request_body.complete
2026-04-14 01:57:53,999 httpcore.http11 DEBUG receive_response_headers.started request=<Request [b'GET']>
2026-04-14 01:57:54,001 httpcore.http11 DEBUG receive_response_headers.complete return_value=(b'HTTP/1.1', 200, b'OK', [(b'Content-Length', b'2'), (b'Content-Type', b'application/json'), (b'Date', b'Tue, 14 Apr 2026 01:57:53 GMT'), (b'Server', b'uvicorn')])
2026-04-14 01:57:54,002 httpx INFO HTTP Request: GET https://volundr.valhalla.asgard.niuu.world/mimir/sources?unprocessed=true "HTTP/1.1 200 OK"
2026-04-14 01:57:54,002 httpcore.http11 DEBUG receive_response_body.started request=<Request [b'GET']>
2026-04-14 01:57:54,002 httpcore.http11 DEBUG receive_response_body.complete
2026-04-14 01:57:54,002 httpcore.http11 DEBUG response_closed.started
2026-04-14 01:57:54,002 httpcore.http11 DEBUG response_closed.complete
2026-04-14 01:57:54,148 pynng.nng DEBUG Pipe callback event 0
2026-04-14 01:57:54,148 pynng.nng DEBUG Pipe callback event 1
2026-04-14 01:57:54,150 pynng.nng DEBUG Pipe callback event 2
2026-04-14 01:57:54,294 pynng.nng DEBUG Pipe callback event 0
2026-04-14 01:57:54,294 pynng.nng DEBUG Pipe callback event 1
2026-04-14 01:57:54,294 pynng.nng DEBUG Pipe callback event 2
2026-04-14 01:57:54,867 pynng.nng DEBUG Pipe callback event 0
2026-04-14 01:57:54,867 pynng.nng DEBUG Pipe callback event 1
2026-04-14 01:57:54,867 pynng.nng DEBUG Pipe callback event 2
2026-04-14 01:57:55,058 pynng.nng DEBUG Pipe callback event 0
2026-04-14 01:57:55,058 pynng.nng DEBUG Pipe callback event 1
2026-04-14 01:57:55,058 pynng.nng DEBUG Pipe callback event 2
2026-04-14 01:57:55,537 pynng.nng DEBUG Pipe callback event 0
2026-04-14 01:57:55,537 pynng.nng DEBUG Pipe callback event 1
2026-04-14 01:57:55,537 pynng.nng DEBUG Pipe callback event 2
2026-04-14 01:57:56,289 pynng.nng DEBUG Pipe callback event 0
2026-04-14 01:57:56,289 pynng.nng DEBUG Pipe callback event 1
2026-04-14 01:57:56,290 pynng.nng DEBUG Pipe callback event 2
2026-04-14 01:57:56,453 pynng.nng DEBUG Pipe callback event 0
2026-04-14 01:57:56,453 pynng.nng DEBUG Pipe callback event 1
2026-04-14 01:57:57,050 pynng.nng DEBUG Pipe callback event 0
2026-04-14 01:57:57,050 pynng.nng DEBUG Pipe callback event 1
2026-04-14 01:57:57,051 pynng.nng DEBUG Pipe callback event 2
2026-04-14 01:57:57,111 pynng.nng DEBUG Pipe callback event 0
2026-04-14 01:57:57,111 pynng.nng DEBUG Pipe callback event 1
2026-04-14 01:57:57,111 pynng.nng DEBUG Pipe callback event 2
2026-04-14 01:57:57,637 pynng.nng DEBUG Pipe callback event 0
2026-04-14 01:57:57,637 pynng.nng DEBUG Pipe callback event 1
2026-04-14 01:57:57,774 pynng.nng DEBUG Pipe callback event 0
2026-04-14 01:57:57,774 pynng.nng DEBUG Pipe callback event 1
2026-04-14 01:57:57,774 pynng.nng DEBUG Pipe callback event 2
2026-04-14 01:57:58,134 pynng.nng DEBUG Pipe callback event 0
2026-04-14 01:57:58,135 pynng.nng DEBUG Pipe callback event 1
2026-04-14 01:57:58,135 pynng.nng DEBUG Pipe callback event 2
2026-04-14 01:57:58,860 pynng.nng DEBUG Pipe callback event 0
2026-04-14 01:57:58,861 pynng.nng DEBUG Pipe callback event 1
2026-04-14 01:57:58,861 pynng.nng DEBUG Pipe callback event 2
2026-04-14 01:57:59,295 ravn.adapters.discovery.mdns DEBUG mdns_discovery: handshake with ravn-mesh-2 failed: Timed out
2026-04-14 01:57:59,295 ravn.adapters.discovery.mdns DEBUG mdns_discovery: handshake attempt 1/3 failed for ravn-mesh-2, retrying in 0.56s
2026-04-14 01:57:59,855 pynng.nng DEBUG Pipe callback event 0
2026-04-14 01:57:59,855 pynng.nng DEBUG Pipe callback event 1
2026-04-14 01:57:59,855 pynng.nng DEBUG Pipe callback event 2
2026-04-14 01:57:59,998 pynng.nng DEBUG Pipe callback event 0
2026-04-14 01:57:59,998 pynng.nng DEBUG Pipe callback event 1
2026-04-14 01:57:59,998 pynng.nng DEBUG Pipe callback event 2
2026-04-14 01:58:00,341 pynng.nng DEBUG Pipe callback event 0
2026-04-14 01:58:00,341 pynng.nng DEBUG Pipe callback event 1
2026-04-14 01:58:00,341 pynng.nng DEBUG Pipe callback event 2
2026-04-14 01:58:00,440 pynng.nng DEBUG Pipe callback event 0
2026-04-14 01:58:00,441 pynng.nng DEBUG Pipe callback event 1
2026-04-14 01:58:00,441 pynng.nng DEBUG Pipe callback event 2
2026-04-14 01:58:00,982 pynng.nng DEBUG Pipe callback event 0
2026-04-14 01:58:00,982 pynng.nng DEBUG Pipe callback event 1
2026-04-14 01:58:00,982 pynng.nng DEBUG Pipe callback event 2
2026-04-14 01:58:01,569 pynng.nng DEBUG Pipe callback event 0
2026-04-14 01:58:01,569 pynng.nng DEBUG Pipe callback event 1
2026-04-14 01:58:01,570 pynng.nng DEBUG Pipe callback event 2
2026-04-14 01:58:02,543 pynng.nng DEBUG Pipe callback event 0
2026-04-14 01:58:02,543 pynng.nng DEBUG Pipe callback event 1
2026-04-14 01:58:02,543 pynng.nng DEBUG Pipe callback event 2
2026-04-14 01:58:03,239 pynng.nng DEBUG Pipe callback event 0
2026-04-14 01:58:03,239 pynng.nng DEBUG Pipe callback event 1
2026-04-14 01:58:03,239 pynng.nng DEBUG Pipe callback event 2
2026-04-14 01:58:03,596 pynng.nng DEBUG Pipe callback event 0
2026-04-14 01:58:03,597 pynng.nng DEBUG Pipe callback event 1
2026-04-14 01:58:03,597 pynng.nng DEBUG Pipe callback event 2
2026-04-14 01:58:03,861 pynng.nng DEBUG Pipe callback event 0
2026-04-14 01:58:03,862 pynng.nng DEBUG Pipe callback event 1
2026-04-14 01:58:03,862 pynng.nng DEBUG Pipe callback event 2
2026-04-14 01:58:04,451 pynng.nng DEBUG Pipe callback event 0
2026-04-14 01:58:04,451 pynng.nng DEBUG Pipe callback event 1
2026-04-14 01:58:04,452 pynng.nng DEBUG Pipe callback event 2
2026-04-14 01:58:04,999 ravn.adapters.discovery.mdns DEBUG mdns_discovery: handshake with ravn-mesh-2 failed: Timed out
2026-04-14 01:58:04,999 ravn.adapters.discovery.mdns DEBUG mdns_discovery: handshake attempt 2/3 failed for ravn-mesh-2, retrying in 1.05s
2026-04-14 01:58:06,051 pynng.nng DEBUG Pipe callback event 0
2026-04-14 01:58:06,051 pynng.nng DEBUG Pipe callback event 1
2026-04-14 01:58:06,052 pynng.nng DEBUG Pipe callback event 2
2026-04-14 01:58:24,085 ravn.adapters.discovery.mdns DEBUG mdns_discovery: service registration failed: 
2026-04-14 01:58:53,902 ravn.drive_loop DEBUG drive_loop: heartbeat — active=0 queued=0 triggers=4
2026-04-14 01:58:54,006 httpcore.connection DEBUG close.started
2026-04-14 01:58:54,006 httpcore.connection DEBUG close.complete
2026-04-14 01:58:54,006 httpcore.connection DEBUG connect_tcp.started host='volundr.valhalla.asgard.niuu.world' port=443 local_address=None timeout=30.0 socket_options=None
2026-04-14 01:58:54,012 httpcore.connection DEBUG connect_tcp.complete return_value=<httpcore._backends.anyio.AnyIOStream object at 0x77fe123e74d0>
2026-04-14 01:58:54,012 httpcore.connection DEBUG start_tls.started ssl_context=<ssl.SSLContext object at 0x77fe223c3800> server_hostname='volundr.valhalla.asgard.niuu.world' timeout=30.0
2026-04-14 01:58:54,017 httpcore.connection DEBUG start_tls.complete return_value=<httpcore._backends.anyio.AnyIOStream object at 0x77fe123bec40>
2026-04-14 01:58:54,017 httpcore.http11 DEBUG send_request_headers.started request=<Request [b'GET']>
2026-04-14 01:58:54,017 httpcore.http11 DEBUG send_request_headers.complete
2026-04-14 01:58:54,017 httpcore.http11 DEBUG send_request_body.started request=<Request [b'GET']>
2026-04-14 01:58:54,017 httpcore.http11 DEBUG send_request_body.complete
2026-04-14 01:58:54,017 httpcore.http11 DEBUG receive_response_headers.started request=<Request [b'GET']>
2026-04-14 01:58:54,020 httpcore.http11 DEBUG receive_response_headers.complete return_value=(b'HTTP/1.1', 200, b'OK', [(b'Content-Length', b'2'), (b'Content-Type', b'application/json'), (b'Date', b'Tue, 14 Apr 2026 01:58:53 GMT'), (b'Server', b'uvicorn')])
2026-04-14 01:58:54,020 httpx INFO HTTP Request: GET https://volundr.valhalla.asgard.niuu.world/mimir/sources?unprocessed=true "HTTP/1.1 200 OK"
2026-04-14 01:58:54,021 httpcore.http11 DEBUG receive_response_body.started request=<Request [b'GET']>
2026-04-14 01:58:54,021 httpcore.http11 DEBUG receive_response_body.complete
2026-04-14 01:58:54,021 httpcore.http11 DEBUG response_closed.started
2026-04-14 01:58:54,021 httpcore.http11 DEBUG response_closed.complete
2026-04-14 01:58:54,299 ravn.adapters.discovery.mdns DEBUG mdns_discovery: service registration failed: 
2026-04-14 01:59:24,532 ravn.adapters.discovery.mdns DEBUG mdns_discovery: service registration failed: 
2026-04-14 01:59:24,532 ravn.adapters.discovery.mdns DEBUG mdns_discovery: evicted stale peer ravn-mesh-3
2026-04-14 01:59:36,817 pynng.nng DEBUG Pipe callback event 2
2026-04-14 01:59:53,904 ravn.drive_loop DEBUG drive_loop: heartbeat — active=0 queued=0 triggers=4
2026-04-14 01:59:54,024 httpcore.connection DEBUG close.started
2026-04-14 01:59:54,024 httpcore.connection DEBUG close.complete
2026-04-14 01:59:54,024 httpcore.connection DEBUG connect_tcp.started host='volundr.valhalla.asgard.niuu.world' port=443 local_address=None timeout=30.0 socket_options=None
2026-04-14 01:59:54,030 httpcore.connection DEBUG connect_tcp.complete return_value=<httpcore._backends.anyio.AnyIOStream object at 0x77fe123bf820>
2026-04-14 01:59:54,030 httpcore.connection DEBUG start_tls.started ssl_context=<ssl.SSLContext object at 0x77fe223c3800> server_hostname='volundr.valhalla.asgard.niuu.world' timeout=30.0
2026-04-14 01:59:54,033 httpcore.connection DEBUG start_tls.complete return_value=<httpcore._backends.anyio.AnyIOStream object at 0x77fe123cf530>
2026-04-14 01:59:54,034 httpcore.http11 DEBUG send_request_headers.started request=<Request [b'GET']>
2026-04-14 01:59:54,034 httpcore.http11 DEBUG send_request_headers.complete
2026-04-14 01:59:54,034 httpcore.http11 DEBUG send_request_body.started request=<Request [b'GET']>
2026-04-14 01:59:54,034 httpcore.http11 DEBUG send_request_body.complete
2026-04-14 01:59:54,034 httpcore.http11 DEBUG receive_response_headers.started request=<Request [b'GET']>
2026-04-14 01:59:54,037 httpcore.http11 DEBUG receive_response_headers.complete return_value=(b'HTTP/1.1', 200, b'OK', [(b'Content-Length', b'2'), (b'Content-Type', b'application/json'), (b'Date', b'Tue, 14 Apr 2026 01:59:53 GMT'), (b'Server', b'uvicorn')])
2026-04-14 01:59:54,037 httpx INFO HTTP Request: GET https://volundr.valhalla.asgard.niuu.world/mimir/sources?unprocessed=true "HTTP/1.1 200 OK"
2026-04-14 01:59:54,037 httpcore.http11 DEBUG receive_response_body.started request=<Request [b'GET']>
2026-04-14 01:59:54,038 httpcore.http11 DEBUG receive_response_body.complete
2026-04-14 01:59:54,038 httpcore.http11 DEBUG response_closed.started
2026-04-14 01:59:54,038 httpcore.http11 DEBUG response_closed.complete
2026-04-14 01:59:54,715 ravn.adapters.discovery.mdns DEBUG mdns_discovery: service registration failed: 
2026-04-14 01:59:54,715 ravn.adapters.discovery.mdns DEBUG mdns_discovery: evicted stale peer ravn-mesh-2
