2026-04-14 02:16:00,716 asyncio DEBUG Using selector: EpollSelector
2026-04-14 02:16:01,391 ravn.cli.commands INFO cron: wired 0 config job(s); store at /volundr/home/.ravn/cron/jobs.json
2026-04-14 02:16:01,391 ravn.cli.commands INFO mimir: source trigger registered (poll=60s, persona=mimir-curator)
2026-04-14 02:16:01,392 ravn.cli.commands INFO mimir: staleness trigger registered (schedule=6h, top_n=20, persona=mimir-curator)
2026-04-14 02:16:01,393 ravn.cli.commands INFO thread: queue trigger registered (enabled=False, poll_interval=300s)
2026-04-14 02:16:01,498 ravn.cli.commands INFO cascade: registered 6 tools (mesh=True, discovery=True)
2026-04-14 02:16:01,499 ravn.cli.commands INFO mesh_routing: registered 2 tools
2026-04-14 02:16:01,691 ravn.adapters.discovery.mdns DEBUG mdns_discovery: service registration failed: 
2026-04-14 02:16:01,692 ravn.adapters.discovery.mdns INFO mdns_discovery: started peer=ravn-mesh-1 handshake_port=7490
2026-04-14 02:16:01,694 sleipnir.adapters.nng_transport DEBUG NngPublisher: bound to ipc:///tmp/ravn-mesh/node-1.ipc
2026-04-14 02:16:01,699 sleipnir.adapters.discovery DEBUG ServiceRegistry: registered ravn:ravn-mesh-1 at ipc:///tmp/ravn-mesh/node-1.ipc
2026-04-14 02:16:01,701 sleipnir.adapters.nng_transport DEBUG NngSubscriber: discovered 2 publisher(s): ['ipc:///tmp/ravn-mesh/test-pub.ipc', 'ipc:///tmp/ravn-mesh/node-1.ipc']
2026-04-14 02:16:01,701 sleipnir.adapters.nng_transport DEBUG NngSubscriber: dialing ipc:///tmp/ravn-mesh/test-pub.ipc
2026-04-14 02:16:01,701 sleipnir.adapters.nng_transport DEBUG NngSubscriber: dialing ipc:///tmp/ravn-mesh/node-1.ipc
2026-04-14 02:16:01,701 pynng.nng DEBUG Pipe callback event 0
2026-04-14 02:16:01,701 pynng.nng DEBUG Pipe callback event 1
2026-04-14 02:16:01,701 pynng.nng DEBUG Pipe callback event 0
2026-04-14 02:16:01,702 pynng.nng DEBUG Pipe callback event 0
2026-04-14 02:16:01,702 pynng.nng DEBUG Pipe callback event 1
2026-04-14 02:16:01,702 pynng.nng DEBUG Pipe callback event 1
2026-04-14 02:16:01,721 ravn.adapters.mesh.sleipnir_mesh INFO sleipnir_mesh: started peer=ravn-mesh-1
ravn daemon started.
  Channels: none
  Triggers: cron, mimir_source, mimir_staleness, thread_queue
  Drive loop: running (max 3 concurrent tasks)
Press Ctrl+C to stop.
2026-04-14 02:16:01,722 ravn.drive_loop INFO drive_loop: starting trigger 'cron'
2026-04-14 02:16:01,723 ravn.adapters.triggers.cron WARNING cron: another instance holds the lock — skipping
2026-04-14 02:16:01,723 ravn.drive_loop INFO drive_loop: starting trigger 'mimir_source'
2026-04-14 02:16:01,723 ravn.adapters.triggers.mimir_source INFO MimirSourceTrigger: starting (poll_interval=60s, persona=mimir-curator)
2026-04-14 02:16:01,805 ravn.drive_loop INFO drive_loop: starting trigger 'mimir_staleness'
2026-04-14 02:16:01,806 ravn.adapters.triggers.mimir_staleness INFO MimirStalenessTrigger: starting (schedule=6h, top_n=20, persona=mimir-curator)
2026-04-14 02:16:01,807 ravn.adapters.triggers.mimir_staleness DEBUG MimirStalenessTrigger: no usage data — skipping
2026-04-14 02:16:01,807 ravn.drive_loop INFO drive_loop: starting trigger 'thread_queue'
2026-04-14 02:16:01,807 ravn.adapters.triggers.thread_queue INFO ThreadQueueTrigger: starting (enabled=False, poll_interval=300s, owner='ravn-4282f8c4')
2026-04-14 02:16:01,807 httpcore.connection DEBUG connect_tcp.started host='volundr.valhalla.asgard.niuu.world' port=443 local_address=None timeout=30.0 socket_options=None
2026-04-14 02:16:01,809 pynng.nng DEBUG Pipe callback event 0
2026-04-14 02:16:01,809 pynng.nng DEBUG Pipe callback event 1
2026-04-14 02:16:01,812 pynng.nng DEBUG Pipe callback event 2
2026-04-14 02:16:01,812 httpcore.connection DEBUG connect_tcp.complete return_value=<httpcore._backends.anyio.AnyIOStream object at 0x7dd69a0b1550>
2026-04-14 02:16:01,812 httpcore.connection DEBUG start_tls.started ssl_context=<ssl.SSLContext object at 0x7dd6aa06b650> server_hostname='volundr.valhalla.asgard.niuu.world' timeout=30.0
2026-04-14 02:16:01,817 httpcore.connection DEBUG start_tls.complete return_value=<httpcore._backends.anyio.AnyIOStream object at 0x7dd69a07ca50>
2026-04-14 02:16:01,817 httpcore.http11 DEBUG send_request_headers.started request=<Request [b'GET']>
2026-04-14 02:16:01,818 httpcore.http11 DEBUG send_request_headers.complete
2026-04-14 02:16:01,818 httpcore.http11 DEBUG send_request_body.started request=<Request [b'GET']>
2026-04-14 02:16:01,818 httpcore.http11 DEBUG send_request_body.complete
2026-04-14 02:16:01,818 httpcore.http11 DEBUG receive_response_headers.started request=<Request [b'GET']>
2026-04-14 02:16:01,820 httpcore.http11 DEBUG receive_response_headers.complete return_value=(b'HTTP/1.1', 200, b'OK', [(b'Content-Length', b'2'), (b'Content-Type', b'application/json'), (b'Date', b'Tue, 14 Apr 2026 02:16:01 GMT'), (b'Server', b'uvicorn')])
2026-04-14 02:16:01,820 httpx INFO HTTP Request: GET https://volundr.valhalla.asgard.niuu.world/mimir/sources?unprocessed=true "HTTP/1.1 200 OK"
2026-04-14 02:16:01,821 httpcore.http11 DEBUG receive_response_body.started request=<Request [b'GET']>
2026-04-14 02:16:01,821 httpcore.http11 DEBUG receive_response_body.complete
2026-04-14 02:16:01,821 httpcore.http11 DEBUG response_closed.started
2026-04-14 02:16:01,821 httpcore.http11 DEBUG response_closed.complete
2026-04-14 02:16:02,016 pynng.nng DEBUG Pipe callback event 0
2026-04-14 02:16:02,017 pynng.nng DEBUG Pipe callback event 1
2026-04-14 02:16:02,019 pynng.nng DEBUG Pipe callback event 2
2026-04-14 02:16:03,717 pynng.nng DEBUG Pipe callback event 0
2026-04-14 02:16:03,718 pynng.nng DEBUG Pipe callback event 1
2026-04-14 02:16:05,882 pynng.nng DEBUG Pipe callback event 0
2026-04-14 02:16:05,882 pynng.nng DEBUG Pipe callback event 1
2026-04-14 02:16:31,876 ravn.adapters.discovery.mdns DEBUG mdns_discovery: service registration failed: 
2026-04-14 02:17:01,722 ravn.drive_loop DEBUG drive_loop: heartbeat — active=0 queued=0 triggers=4
2026-04-14 02:17:01,825 httpcore.connection DEBUG close.started
2026-04-14 02:17:01,825 httpcore.connection DEBUG close.complete
2026-04-14 02:17:01,825 httpcore.connection DEBUG connect_tcp.started host='volundr.valhalla.asgard.niuu.world' port=443 local_address=None timeout=30.0 socket_options=None
2026-04-14 02:17:01,831 httpcore.connection DEBUG connect_tcp.complete return_value=<httpcore._backends.anyio.AnyIOStream object at 0x7dd69a07f4d0>
2026-04-14 02:17:01,831 httpcore.connection DEBUG start_tls.started ssl_context=<ssl.SSLContext object at 0x7dd6aa06b650> server_hostname='volundr.valhalla.asgard.niuu.world' timeout=30.0
2026-04-14 02:17:01,834 httpcore.connection DEBUG start_tls.complete return_value=<httpcore._backends.anyio.AnyIOStream object at 0x7dd69a06a9e0>
2026-04-14 02:17:01,835 httpcore.http11 DEBUG send_request_headers.started request=<Request [b'GET']>
2026-04-14 02:17:01,835 httpcore.http11 DEBUG send_request_headers.complete
2026-04-14 02:17:01,835 httpcore.http11 DEBUG send_request_body.started request=<Request [b'GET']>
2026-04-14 02:17:01,835 httpcore.http11 DEBUG send_request_body.complete
2026-04-14 02:17:01,835 httpcore.http11 DEBUG receive_response_headers.started request=<Request [b'GET']>
2026-04-14 02:17:01,837 httpcore.http11 DEBUG receive_response_headers.complete return_value=(b'HTTP/1.1', 200, b'OK', [(b'Content-Length', b'2'), (b'Content-Type', b'application/json'), (b'Date', b'Tue, 14 Apr 2026 02:17:01 GMT'), (b'Server', b'uvicorn')])
2026-04-14 02:17:01,837 httpx INFO HTTP Request: GET https://volundr.valhalla.asgard.niuu.world/mimir/sources?unprocessed=true "HTTP/1.1 200 OK"
2026-04-14 02:17:01,838 httpcore.http11 DEBUG receive_response_body.started request=<Request [b'GET']>
2026-04-14 02:17:01,838 httpcore.http11 DEBUG receive_response_body.complete
2026-04-14 02:17:01,838 httpcore.http11 DEBUG response_closed.started
2026-04-14 02:17:01,838 httpcore.http11 DEBUG response_closed.complete
2026-04-14 02:17:02,058 ravn.adapters.discovery.mdns DEBUG mdns_discovery: service registration failed: 
2026-04-14 02:17:32,236 ravn.adapters.discovery.mdns DEBUG mdns_discovery: service registration failed: 
2026-04-14 02:17:32,236 ravn.adapters.discovery.mdns DEBUG mdns_discovery: evicted stale peer ravn-mesh-2
2026-04-14 02:17:32,236 ravn.adapters.discovery.mdns DEBUG mdns_discovery: evicted stale peer ravn-mesh-3
2026-04-14 02:17:44,833 pynng.nng DEBUG Pipe callback event 2
2026-04-14 02:18:01,724 ravn.drive_loop DEBUG drive_loop: heartbeat — active=0 queued=0 triggers=4
2026-04-14 02:18:01,841 httpcore.connection DEBUG close.started
2026-04-14 02:18:01,841 httpcore.connection DEBUG close.complete
2026-04-14 02:18:01,841 httpcore.connection DEBUG connect_tcp.started host='volundr.valhalla.asgard.niuu.world' port=443 local_address=None timeout=30.0 socket_options=None
2026-04-14 02:18:01,846 httpcore.connection DEBUG connect_tcp.complete return_value=<httpcore._backends.anyio.AnyIOStream object at 0x7dd69a06b490>
2026-04-14 02:18:01,846 httpcore.connection DEBUG start_tls.started ssl_context=<ssl.SSLContext object at 0x7dd6aa06b650> server_hostname='volundr.valhalla.asgard.niuu.world' timeout=30.0
2026-04-14 02:18:01,850 httpcore.connection DEBUG start_tls.complete return_value=<httpcore._backends.anyio.AnyIOStream object at 0x7dd69a06f890>
2026-04-14 02:18:01,850 httpcore.http11 DEBUG send_request_headers.started request=<Request [b'GET']>
2026-04-14 02:18:01,850 httpcore.http11 DEBUG send_request_headers.complete
2026-04-14 02:18:01,850 httpcore.http11 DEBUG send_request_body.started request=<Request [b'GET']>
2026-04-14 02:18:01,850 httpcore.http11 DEBUG send_request_body.complete
2026-04-14 02:18:01,850 httpcore.http11 DEBUG receive_response_headers.started request=<Request [b'GET']>
2026-04-14 02:18:01,852 httpcore.http11 DEBUG receive_response_headers.complete return_value=(b'HTTP/1.1', 200, b'OK', [(b'Content-Length', b'2'), (b'Content-Type', b'application/json'), (b'Date', b'Tue, 14 Apr 2026 02:18:01 GMT'), (b'Server', b'uvicorn')])
2026-04-14 02:18:01,852 httpx INFO HTTP Request: GET https://volundr.valhalla.asgard.niuu.world/mimir/sources?unprocessed=true "HTTP/1.1 200 OK"
2026-04-14 02:18:01,852 httpcore.http11 DEBUG receive_response_body.started request=<Request [b'GET']>
2026-04-14 02:18:01,852 httpcore.http11 DEBUG receive_response_body.complete
2026-04-14 02:18:01,853 httpcore.http11 DEBUG response_closed.started
2026-04-14 02:18:01,853 httpcore.http11 DEBUG response_closed.complete
2026-04-14 02:18:02,431 ravn.adapters.discovery.mdns DEBUG mdns_discovery: service registration failed: 
