2026-04-14 01:38:14,547 asyncio DEBUG Using selector: EpollSelector
2026-04-14 01:38:15,212 ravn.cli.commands INFO cron: wired 0 config job(s); store at /volundr/home/.ravn/cron/jobs.json
2026-04-14 01:38:15,212 ravn.cli.commands INFO mimir: source trigger registered (poll=60s, persona=mimir-curator)
2026-04-14 01:38:15,213 ravn.cli.commands INFO mimir: staleness trigger registered (schedule=6h, top_n=20, persona=mimir-curator)
2026-04-14 01:38:15,213 ravn.cli.commands INFO thread: queue trigger registered (enabled=False, poll_interval=300s)
2026-04-14 01:38:15,317 ravn.cli.commands INFO cascade: registered 6 tools (mesh=True, discovery=True)
2026-04-14 01:38:15,318 ravn.cli.commands INFO mesh_routing: registered 2 tools
2026-04-14 01:38:15,518 ravn.adapters.discovery.mdns DEBUG mdns_discovery: service registration failed: 
2026-04-14 01:38:15,518 ravn.adapters.discovery.mdns INFO mdns_discovery: started peer=ravn-mesh-1 handshake_port=7490
2026-04-14 01:38:15,521 sleipnir.adapters.nng_transport DEBUG NngPublisher: bound to ipc:///tmp/ravn-mesh/node-1.ipc
2026-04-14 01:38:15,525 sleipnir.adapters.discovery DEBUG ServiceRegistry: registered ravn:ravn-mesh-1 at ipc:///tmp/ravn-mesh/node-1.ipc
2026-04-14 01:38:15,527 sleipnir.adapters.nng_transport DEBUG NngSubscriber: discovered 2 publisher(s): ['ipc:///tmp/ravn-mesh/test-pub.ipc', 'ipc:///tmp/ravn-mesh/node-1.ipc']
2026-04-14 01:38:15,527 sleipnir.adapters.nng_transport DEBUG NngSubscriber: dialing ipc:///tmp/ravn-mesh/test-pub.ipc
2026-04-14 01:38:15,527 sleipnir.adapters.nng_transport DEBUG NngSubscriber: dialing ipc:///tmp/ravn-mesh/node-1.ipc
2026-04-14 01:38:15,528 pynng.nng DEBUG Pipe callback event 0
2026-04-14 01:38:15,528 pynng.nng DEBUG Pipe callback event 0
2026-04-14 01:38:15,528 pynng.nng DEBUG Pipe callback event 0
2026-04-14 01:38:15,528 pynng.nng DEBUG Pipe callback event 1
2026-04-14 01:38:15,529 pynng.nng DEBUG Pipe callback event 1
2026-04-14 01:38:15,529 pynng.nng DEBUG Pipe callback event 1
2026-04-14 01:38:15,548 ravn.adapters.mesh.sleipnir_mesh INFO sleipnir_mesh: started peer=ravn-mesh-1
ravn daemon started.
  Channels: none
  Triggers: cron, mimir_source, mimir_staleness, thread_queue
  Drive loop: running (max 3 concurrent tasks)
Press Ctrl+C to stop.
2026-04-14 01:38:15,549 ravn.drive_loop INFO drive_loop: starting trigger 'cron'
2026-04-14 01:38:15,551 ravn.adapters.triggers.cron WARNING cron: another instance holds the lock — skipping
2026-04-14 01:38:15,551 ravn.drive_loop INFO drive_loop: starting trigger 'mimir_source'
2026-04-14 01:38:15,551 ravn.adapters.triggers.mimir_source INFO MimirSourceTrigger: starting (poll_interval=60s, persona=mimir-curator)
2026-04-14 01:38:15,637 ravn.drive_loop INFO drive_loop: starting trigger 'mimir_staleness'
2026-04-14 01:38:15,637 ravn.adapters.triggers.mimir_staleness INFO MimirStalenessTrigger: starting (schedule=6h, top_n=20, persona=mimir-curator)
2026-04-14 01:38:15,638 ravn.adapters.triggers.mimir_staleness DEBUG MimirStalenessTrigger: no usage data — skipping
2026-04-14 01:38:15,638 ravn.drive_loop INFO drive_loop: starting trigger 'thread_queue'
2026-04-14 01:38:15,638 ravn.adapters.triggers.thread_queue INFO ThreadQueueTrigger: starting (enabled=False, poll_interval=300s, owner='ravn-d0473ff8')
2026-04-14 01:38:15,638 httpcore.connection DEBUG connect_tcp.started host='volundr.valhalla.asgard.niuu.world' port=443 local_address=None timeout=30.0 socket_options=None
2026-04-14 01:38:15,644 httpcore.connection DEBUG connect_tcp.complete return_value=<httpcore._backends.anyio.AnyIOStream object at 0x735b4bea97f0>
2026-04-14 01:38:15,644 httpcore.connection DEBUG start_tls.started ssl_context=<ssl.SSLContext object at 0x735b5be674a0> server_hostname='volundr.valhalla.asgard.niuu.world' timeout=30.0
2026-04-14 01:38:15,650 httpcore.connection DEBUG start_tls.complete return_value=<httpcore._backends.anyio.AnyIOStream object at 0x735b4be74b90>
2026-04-14 01:38:15,650 httpcore.http11 DEBUG send_request_headers.started request=<Request [b'GET']>
2026-04-14 01:38:15,651 httpcore.http11 DEBUG send_request_headers.complete
2026-04-14 01:38:15,651 httpcore.http11 DEBUG send_request_body.started request=<Request [b'GET']>
2026-04-14 01:38:15,651 httpcore.http11 DEBUG send_request_body.complete
2026-04-14 01:38:15,651 httpcore.http11 DEBUG receive_response_headers.started request=<Request [b'GET']>
2026-04-14 01:38:15,654 httpcore.http11 DEBUG receive_response_headers.complete return_value=(b'HTTP/1.1', 200, b'OK', [(b'Content-Length', b'2'), (b'Content-Type', b'application/json'), (b'Date', b'Tue, 14 Apr 2026 01:38:14 GMT'), (b'Server', b'uvicorn')])
2026-04-14 01:38:15,654 httpx INFO HTTP Request: GET https://volundr.valhalla.asgard.niuu.world/mimir/sources?unprocessed=true "HTTP/1.1 200 OK"
2026-04-14 01:38:15,654 httpcore.http11 DEBUG receive_response_body.started request=<Request [b'GET']>
2026-04-14 01:38:15,654 httpcore.http11 DEBUG receive_response_body.complete
2026-04-14 01:38:15,655 httpcore.http11 DEBUG response_closed.started
2026-04-14 01:38:15,655 httpcore.http11 DEBUG response_closed.complete
2026-04-14 01:38:15,768 pynng.nng DEBUG Pipe callback event 0
2026-04-14 01:38:15,768 pynng.nng DEBUG Pipe callback event 1
2026-04-14 01:38:15,770 pynng.nng DEBUG Pipe callback event 2
2026-04-14 01:38:15,950 pynng.nng DEBUG Pipe callback event 0
2026-04-14 01:38:15,950 pynng.nng DEBUG Pipe callback event 1
2026-04-14 01:38:15,951 pynng.nng DEBUG Pipe callback event 2
2026-04-14 01:38:18,545 pynng.nng DEBUG Pipe callback event 0
2026-04-14 01:38:18,545 pynng.nng DEBUG Pipe callback event 1
2026-04-14 01:38:19,704 pynng.nng DEBUG Pipe callback event 0
2026-04-14 01:38:19,704 pynng.nng DEBUG Pipe callback event 1
2026-04-14 01:38:45,741 ravn.adapters.discovery.mdns DEBUG mdns_discovery: service registration failed: 
2026-04-14 01:39:15,549 ravn.drive_loop DEBUG drive_loop: heartbeat — active=0 queued=0 triggers=4
2026-04-14 01:39:15,658 httpcore.connection DEBUG close.started
2026-04-14 01:39:15,658 httpcore.connection DEBUG close.complete
2026-04-14 01:39:15,658 httpcore.connection DEBUG connect_tcp.started host='volundr.valhalla.asgard.niuu.world' port=443 local_address=None timeout=30.0 socket_options=None
2026-04-14 01:39:15,663 httpcore.connection DEBUG connect_tcp.complete return_value=<httpcore._backends.anyio.AnyIOStream object at 0x735b4be77390>
2026-04-14 01:39:15,663 httpcore.connection DEBUG start_tls.started ssl_context=<ssl.SSLContext object at 0x735b5be674a0> server_hostname='volundr.valhalla.asgard.niuu.world' timeout=30.0
2026-04-14 01:39:15,667 httpcore.connection DEBUG start_tls.complete return_value=<httpcore._backends.anyio.AnyIOStream object at 0x735b5b852c40>
2026-04-14 01:39:15,667 httpcore.http11 DEBUG send_request_headers.started request=<Request [b'GET']>
2026-04-14 01:39:15,667 httpcore.http11 DEBUG send_request_headers.complete
2026-04-14 01:39:15,667 httpcore.http11 DEBUG send_request_body.started request=<Request [b'GET']>
2026-04-14 01:39:15,667 httpcore.http11 DEBUG send_request_body.complete
2026-04-14 01:39:15,667 httpcore.http11 DEBUG receive_response_headers.started request=<Request [b'GET']>
2026-04-14 01:39:15,670 httpcore.http11 DEBUG receive_response_headers.complete return_value=(b'HTTP/1.1', 200, b'OK', [(b'Content-Length', b'2'), (b'Content-Type', b'application/json'), (b'Date', b'Tue, 14 Apr 2026 01:39:14 GMT'), (b'Server', b'uvicorn')])
2026-04-14 01:39:15,670 httpx INFO HTTP Request: GET https://volundr.valhalla.asgard.niuu.world/mimir/sources?unprocessed=true "HTTP/1.1 200 OK"
2026-04-14 01:39:15,670 httpcore.http11 DEBUG receive_response_body.started request=<Request [b'GET']>
2026-04-14 01:39:15,671 httpcore.http11 DEBUG receive_response_body.complete
2026-04-14 01:39:15,671 httpcore.http11 DEBUG response_closed.started
2026-04-14 01:39:15,671 httpcore.http11 DEBUG response_closed.complete
2026-04-14 01:39:15,983 ravn.adapters.discovery.mdns DEBUG mdns_discovery: service registration failed: 
2026-04-14 01:39:46,172 ravn.adapters.discovery.mdns DEBUG mdns_discovery: service registration failed: 
2026-04-14 01:39:46,172 ravn.adapters.discovery.mdns DEBUG mdns_discovery: evicted stale peer ravn-mesh-3
2026-04-14 01:39:46,172 ravn.adapters.discovery.mdns DEBUG mdns_discovery: evicted stale peer ravn-mesh-2
2026-04-14 01:39:55,866 pynng.nng DEBUG Pipe callback event 2
2026-04-14 01:40:15,550 ravn.drive_loop DEBUG drive_loop: heartbeat — active=0 queued=0 triggers=4
2026-04-14 01:40:15,674 httpcore.connection DEBUG close.started
2026-04-14 01:40:15,674 httpcore.connection DEBUG close.complete
2026-04-14 01:40:15,674 httpcore.connection DEBUG connect_tcp.started host='volundr.valhalla.asgard.niuu.world' port=443 local_address=None timeout=30.0 socket_options=None
2026-04-14 01:40:15,679 httpcore.connection DEBUG connect_tcp.complete return_value=<httpcore._backends.anyio.AnyIOStream object at 0x735b5b853950>
2026-04-14 01:40:15,679 httpcore.connection DEBUG start_tls.started ssl_context=<ssl.SSLContext object at 0x735b5be674a0> server_hostname='volundr.valhalla.asgard.niuu.world' timeout=30.0
2026-04-14 01:40:15,685 httpcore.connection DEBUG start_tls.complete return_value=<httpcore._backends.anyio.AnyIOStream object at 0x735b4be5fad0>
2026-04-14 01:40:15,685 httpcore.http11 DEBUG send_request_headers.started request=<Request [b'GET']>
2026-04-14 01:40:15,685 httpcore.http11 DEBUG send_request_headers.complete
2026-04-14 01:40:15,686 httpcore.http11 DEBUG send_request_body.started request=<Request [b'GET']>
2026-04-14 01:40:15,686 httpcore.http11 DEBUG send_request_body.complete
2026-04-14 01:40:15,686 httpcore.http11 DEBUG receive_response_headers.started request=<Request [b'GET']>
2026-04-14 01:40:15,688 httpcore.http11 DEBUG receive_response_headers.complete return_value=(b'HTTP/1.1', 200, b'OK', [(b'Content-Length', b'2'), (b'Content-Type', b'application/json'), (b'Date', b'Tue, 14 Apr 2026 01:40:15 GMT'), (b'Server', b'uvicorn')])
2026-04-14 01:40:15,688 httpx INFO HTTP Request: GET https://volundr.valhalla.asgard.niuu.world/mimir/sources?unprocessed=true "HTTP/1.1 200 OK"
2026-04-14 01:40:15,688 httpcore.http11 DEBUG receive_response_body.started request=<Request [b'GET']>
2026-04-14 01:40:15,689 httpcore.http11 DEBUG receive_response_body.complete
2026-04-14 01:40:15,689 httpcore.http11 DEBUG response_closed.started
2026-04-14 01:40:15,689 httpcore.http11 DEBUG response_closed.complete
2026-04-14 01:40:16,377 ravn.adapters.discovery.mdns DEBUG mdns_discovery: service registration failed: 
