2026-04-14 01:24:29,507 asyncio DEBUG Using selector: EpollSelector
2026-04-14 01:24:30,163 ravn.cli.commands INFO cron: wired 0 config job(s); store at /volundr/home/.ravn/cron/jobs.json
2026-04-14 01:24:30,164 ravn.cli.commands INFO mimir: source trigger registered (poll=60s, persona=mimir-curator)
2026-04-14 01:24:30,165 ravn.cli.commands INFO mimir: staleness trigger registered (schedule=6h, top_n=20, persona=mimir-curator)
2026-04-14 01:24:30,165 ravn.cli.commands INFO thread: queue trigger registered (enabled=False, poll_interval=300s)
2026-04-14 01:24:30,276 ravn.cli.commands INFO cascade: registered 6 tools (mesh=True, discovery=True)
2026-04-14 01:24:30,276 ravn.cli.commands INFO mesh_routing: registered 2 tools
2026-04-14 01:24:30,432 ravn.adapters.discovery.mdns DEBUG mdns_discovery: service registration failed: 
2026-04-14 01:24:30,433 ravn.adapters.discovery.mdns INFO mdns_discovery: started peer=ravn-mesh-1 handshake_port=7490
2026-04-14 01:24:30,438 sleipnir.adapters.nng_transport DEBUG NngPublisher: bound to ipc:///tmp/ravn-mesh/node-1.ipc
2026-04-14 01:24:30,442 sleipnir.adapters.discovery DEBUG ServiceRegistry: registered ravn:ravn-mesh-1 at ipc:///tmp/ravn-mesh/node-1.ipc
2026-04-14 01:24:30,445 sleipnir.adapters.nng_transport DEBUG NngSubscriber: discovered 2 publisher(s): ['ipc:///tmp/ravn-mesh/test-pub.ipc', 'ipc:///tmp/ravn-mesh/node-1.ipc']
2026-04-14 01:24:30,445 sleipnir.adapters.nng_transport DEBUG NngSubscriber: dialing ipc:///tmp/ravn-mesh/test-pub.ipc
2026-04-14 01:24:30,445 sleipnir.adapters.nng_transport DEBUG NngSubscriber: dialing ipc:///tmp/ravn-mesh/node-1.ipc
2026-04-14 01:24:30,445 pynng.nng DEBUG Pipe callback event 0
2026-04-14 01:24:30,446 pynng.nng DEBUG Pipe callback event 0
2026-04-14 01:24:30,446 pynng.nng DEBUG Pipe callback event 0
2026-04-14 01:24:30,446 pynng.nng DEBUG Pipe callback event 1
2026-04-14 01:24:30,446 pynng.nng DEBUG Pipe callback event 1
2026-04-14 01:24:30,446 pynng.nng DEBUG Pipe callback event 1
2026-04-14 01:24:30,463 pynng.nng DEBUG Pipe callback event 0
2026-04-14 01:24:30,463 pynng.nng DEBUG Pipe callback event 1
2026-04-14 01:24:30,465 pynng.nng DEBUG Pipe callback event 2
2026-04-14 01:24:30,466 ravn.adapters.mesh.sleipnir_mesh INFO sleipnir_mesh: started peer=ravn-mesh-1
ravn daemon started.
  Channels: none
  Triggers: cron, mimir_source, mimir_staleness, thread_queue
  Drive loop: running (max 3 concurrent tasks)
Press Ctrl+C to stop.
2026-04-14 01:24:30,467 ravn.drive_loop INFO drive_loop: starting trigger 'cron'
2026-04-14 01:24:30,468 ravn.adapters.triggers.cron WARNING cron: another instance holds the lock — skipping
2026-04-14 01:24:30,468 ravn.drive_loop INFO drive_loop: starting trigger 'mimir_source'
2026-04-14 01:24:30,469 ravn.adapters.triggers.mimir_source INFO MimirSourceTrigger: starting (poll_interval=60s, persona=mimir-curator)
2026-04-14 01:24:30,551 ravn.drive_loop INFO drive_loop: starting trigger 'mimir_staleness'
2026-04-14 01:24:30,551 ravn.adapters.triggers.mimir_staleness INFO MimirStalenessTrigger: starting (schedule=6h, top_n=20, persona=mimir-curator)
2026-04-14 01:24:30,552 ravn.adapters.triggers.mimir_staleness DEBUG MimirStalenessTrigger: no usage data — skipping
2026-04-14 01:24:30,552 ravn.drive_loop INFO drive_loop: starting trigger 'thread_queue'
2026-04-14 01:24:30,552 ravn.adapters.triggers.thread_queue INFO ThreadQueueTrigger: starting (enabled=False, poll_interval=300s, owner='ravn-1fb39a71')
2026-04-14 01:24:30,553 httpcore.connection DEBUG connect_tcp.started host='volundr.valhalla.asgard.niuu.world' port=443 local_address=None timeout=30.0 socket_options=None
2026-04-14 01:24:30,558 httpcore.connection DEBUG connect_tcp.complete return_value=<httpcore._backends.anyio.AnyIOStream object at 0x7154344d5940>
2026-04-14 01:24:30,558 httpcore.connection DEBUG start_tls.started ssl_context=<ssl.SSLContext object at 0x7154444934a0> server_hostname='volundr.valhalla.asgard.niuu.world' timeout=30.0
2026-04-14 01:24:30,562 httpcore.connection DEBUG start_tls.complete return_value=<httpcore._backends.anyio.AnyIOStream object at 0x7154344a4a50>
2026-04-14 01:24:30,563 httpcore.http11 DEBUG send_request_headers.started request=<Request [b'GET']>
2026-04-14 01:24:30,563 httpcore.http11 DEBUG send_request_headers.complete
2026-04-14 01:24:30,563 httpcore.http11 DEBUG send_request_body.started request=<Request [b'GET']>
2026-04-14 01:24:30,563 httpcore.http11 DEBUG send_request_body.complete
2026-04-14 01:24:30,563 httpcore.http11 DEBUG receive_response_headers.started request=<Request [b'GET']>
2026-04-14 01:24:30,566 httpcore.http11 DEBUG receive_response_headers.complete return_value=(b'HTTP/1.1', 200, b'OK', [(b'Content-Length', b'2'), (b'Content-Type', b'application/json'), (b'Date', b'Tue, 14 Apr 2026 01:24:30 GMT'), (b'Server', b'uvicorn')])
2026-04-14 01:24:30,566 httpx INFO HTTP Request: GET https://volundr.valhalla.asgard.niuu.world/mimir/sources?unprocessed=true "HTTP/1.1 200 OK"
2026-04-14 01:24:30,566 httpcore.http11 DEBUG receive_response_body.started request=<Request [b'GET']>
2026-04-14 01:24:30,566 httpcore.http11 DEBUG receive_response_body.complete
2026-04-14 01:24:30,566 httpcore.http11 DEBUG response_closed.started
2026-04-14 01:24:30,567 httpcore.http11 DEBUG response_closed.complete
2026-04-14 01:24:30,743 pynng.nng DEBUG Pipe callback event 0
2026-04-14 01:24:30,743 pynng.nng DEBUG Pipe callback event 1
2026-04-14 01:24:30,745 pynng.nng DEBUG Pipe callback event 2
2026-04-14 01:24:33,376 pynng.nng DEBUG Pipe callback event 0
2026-04-14 01:24:33,377 pynng.nng DEBUG Pipe callback event 1
2026-04-14 01:24:34,506 pynng.nng DEBUG Pipe callback event 0
2026-04-14 01:24:34,506 pynng.nng DEBUG Pipe callback event 1
2026-04-14 01:25:00,594 ravn.adapters.discovery.mdns DEBUG mdns_discovery: service registration failed: 
2026-04-14 01:25:30,467 ravn.drive_loop DEBUG drive_loop: heartbeat — active=0 queued=0 triggers=4
2026-04-14 01:25:30,569 httpcore.connection DEBUG close.started
2026-04-14 01:25:30,570 httpcore.connection DEBUG close.complete
2026-04-14 01:25:30,570 httpcore.connection DEBUG connect_tcp.started host='volundr.valhalla.asgard.niuu.world' port=443 local_address=None timeout=30.0 socket_options=None
2026-04-14 01:25:30,575 httpcore.connection DEBUG connect_tcp.complete return_value=<httpcore._backends.anyio.AnyIOStream object at 0x7154344a7390>
2026-04-14 01:25:30,575 httpcore.connection DEBUG start_tls.started ssl_context=<ssl.SSLContext object at 0x7154444934a0> server_hostname='volundr.valhalla.asgard.niuu.world' timeout=30.0
2026-04-14 01:25:30,579 httpcore.connection DEBUG start_tls.complete return_value=<httpcore._backends.anyio.AnyIOStream object at 0x715443eaad70>
2026-04-14 01:25:30,580 httpcore.http11 DEBUG send_request_headers.started request=<Request [b'GET']>
2026-04-14 01:25:30,580 httpcore.http11 DEBUG send_request_headers.complete
2026-04-14 01:25:30,580 httpcore.http11 DEBUG send_request_body.started request=<Request [b'GET']>
2026-04-14 01:25:30,580 httpcore.http11 DEBUG send_request_body.complete
2026-04-14 01:25:30,580 httpcore.http11 DEBUG receive_response_headers.started request=<Request [b'GET']>
2026-04-14 01:25:30,582 httpcore.http11 DEBUG receive_response_headers.complete return_value=(b'HTTP/1.1', 200, b'OK', [(b'Content-Length', b'2'), (b'Content-Type', b'application/json'), (b'Date', b'Tue, 14 Apr 2026 01:25:29 GMT'), (b'Server', b'uvicorn')])
2026-04-14 01:25:30,582 httpx INFO HTTP Request: GET https://volundr.valhalla.asgard.niuu.world/mimir/sources?unprocessed=true "HTTP/1.1 200 OK"
2026-04-14 01:25:30,583 httpcore.http11 DEBUG receive_response_body.started request=<Request [b'GET']>
2026-04-14 01:25:30,583 httpcore.http11 DEBUG receive_response_body.complete
2026-04-14 01:25:30,583 httpcore.http11 DEBUG response_closed.started
2026-04-14 01:25:30,583 httpcore.http11 DEBUG response_closed.complete
2026-04-14 01:25:30,837 ravn.adapters.discovery.mdns DEBUG mdns_discovery: service registration failed: 
2026-04-14 01:26:01,009 ravn.adapters.discovery.mdns DEBUG mdns_discovery: service registration failed: 
2026-04-14 01:26:01,009 ravn.adapters.discovery.mdns DEBUG mdns_discovery: evicted stale peer ravn-mesh-3
2026-04-14 01:26:01,009 ravn.adapters.discovery.mdns DEBUG mdns_discovery: evicted stale peer ravn-mesh-2
2026-04-14 01:26:10,859 pynng.nng DEBUG Pipe callback event 2
