2026-04-15 01:25:44,687 asyncio DEBUG Using selector: EpollSelector
2026-04-15 01:25:45,287 ravn.cli.commands INFO cron: wired 0 config job(s); store at /volundr/home/.ravn/cron/jobs.json
2026-04-15 01:25:45,288 ravn.cli.commands INFO mimir: source trigger registered (poll=60s, persona=mimir-curator)
2026-04-15 01:25:45,288 ravn.cli.commands INFO mimir: staleness trigger registered (schedule=6h, top_n=20, persona=mimir-curator)
2026-04-15 01:25:45,289 ravn.cli.commands INFO thread: queue trigger registered (enabled=False, poll_interval=300s)
2026-04-15 01:25:45,376 ravn.cli.commands INFO cascade: registered 6 tools (mesh=True, discovery=True)
2026-04-15 01:25:45,376 ravn.cli.commands INFO mesh_routing: registered 2 tools
2026-04-15 01:25:45,377 ravn.cli.commands INFO mesh: will subscribe to event_type=code.changed after start
2026-04-15 01:25:46,558 ravn.adapters.discovery.mdns DEBUG mdns_discovery: registered ravn-mesh-3._ravn._tcp.local. at 10.80.106.231:7492
2026-04-15 01:25:46,558 ravn.adapters.discovery.mdns INFO mdns_discovery: started peer=ravn-mesh-3 handshake_port=7492
2026-04-15 01:25:46,561 sleipnir.adapters.nng_transport DEBUG NngPublisher: bound to ipc:///tmp/ravn-mesh/node-3.ipc
2026-04-15 01:25:46,566 sleipnir.adapters.discovery DEBUG ServiceRegistry: registered ravn:ravn-mesh-3 at ipc:///tmp/ravn-mesh/node-3.ipc
2026-04-15 01:25:46,568 sleipnir.adapters.nng_transport DEBUG NngSubscriber: discovered 3 publisher(s): ['ipc:///tmp/ravn-mesh/node-1.ipc', 'ipc:///tmp/ravn-mesh/node-2.ipc', 'ipc:///tmp/ravn-mesh/node-3.ipc']
2026-04-15 01:25:46,568 sleipnir.adapters.nng_transport DEBUG NngSubscriber: dialing ipc:///tmp/ravn-mesh/node-1.ipc
2026-04-15 01:25:46,568 sleipnir.adapters.nng_transport DEBUG NngSubscriber: dialing ipc:///tmp/ravn-mesh/node-2.ipc
2026-04-15 01:25:46,568 pynng.nng DEBUG Pipe callback event 0
2026-04-15 01:25:46,569 sleipnir.adapters.nng_transport DEBUG NngSubscriber: dialing ipc:///tmp/ravn-mesh/node-3.ipc
2026-04-15 01:25:46,569 pynng.nng DEBUG Pipe callback event 0
2026-04-15 01:25:46,569 pynng.nng DEBUG Pipe callback event 1
2026-04-15 01:25:46,569 pynng.nng DEBUG Pipe callback event 0
2026-04-15 01:25:46,570 pynng.nng DEBUG Pipe callback event 1
2026-04-15 01:25:46,570 pynng.nng DEBUG Pipe callback event 0
2026-04-15 01:25:46,570 pynng.nng DEBUG Pipe callback event 1
2026-04-15 01:25:46,570 pynng.nng DEBUG Pipe callback event 1
2026-04-15 01:25:46,589 ravn.adapters.mesh.sleipnir_mesh INFO sleipnir_mesh: started peer=ravn-mesh-3
2026-04-15 01:25:46,589 ravn.cli.commands INFO mesh: subscribing to event_type=code.changed
ravn daemon started.
  Channels: none
  Triggers: cron, mimir_source, mimir_staleness, thread_queue
  Drive loop: running (max 3 concurrent tasks)
Press Ctrl+C to stop.
2026-04-15 01:25:46,590 ravn.drive_loop INFO drive_loop: starting trigger 'cron'
2026-04-15 01:25:46,591 ravn.adapters.triggers.cron WARNING cron: another instance holds the lock — skipping
2026-04-15 01:25:46,591 ravn.drive_loop INFO drive_loop: starting trigger 'mimir_source'
2026-04-15 01:25:46,591 ravn.adapters.triggers.mimir_source INFO MimirSourceTrigger: starting (poll_interval=60s, persona=mimir-curator)
2026-04-15 01:25:46,655 ravn.drive_loop INFO drive_loop: starting trigger 'mimir_staleness'
2026-04-15 01:25:46,655 ravn.adapters.triggers.mimir_staleness INFO MimirStalenessTrigger: starting (schedule=6h, top_n=20, persona=mimir-curator)
2026-04-15 01:25:46,656 ravn.adapters.triggers.mimir_staleness DEBUG MimirStalenessTrigger: no usage data — skipping
2026-04-15 01:25:46,656 ravn.drive_loop INFO drive_loop: starting trigger 'thread_queue'
2026-04-15 01:25:46,656 ravn.adapters.triggers.thread_queue INFO ThreadQueueTrigger: starting (enabled=False, poll_interval=300s, owner='ravn-b9185222')
2026-04-15 01:25:46,656 httpcore.connection DEBUG connect_tcp.started host='volundr.valhalla.asgard.niuu.world' port=443 local_address=None timeout=30.0 socket_options=None
2026-04-15 01:25:46,658 pynng.nng DEBUG Pipe callback event 0
2026-04-15 01:25:46,658 pynng.nng DEBUG Pipe callback event 1
2026-04-15 01:25:46,660 pynng.nng DEBUG Pipe callback event 2
2026-04-15 01:25:46,662 httpcore.connection DEBUG connect_tcp.complete return_value=<httpcore._backends.anyio.AnyIOStream object at 0x7a6af4fe9fd0>
2026-04-15 01:25:46,662 httpcore.connection DEBUG start_tls.started ssl_context=<ssl.SSLContext object at 0x7a6b05797d10> server_hostname='volundr.valhalla.asgard.niuu.world' timeout=30.0
2026-04-15 01:25:46,668 httpcore.connection DEBUG start_tls.complete return_value=<httpcore._backends.anyio.AnyIOStream object at 0x7a6af4f991d0>
2026-04-15 01:25:46,668 httpcore.http11 DEBUG send_request_headers.started request=<Request [b'GET']>
2026-04-15 01:25:46,668 httpcore.http11 DEBUG send_request_headers.complete
2026-04-15 01:25:46,668 httpcore.http11 DEBUG send_request_body.started request=<Request [b'GET']>
2026-04-15 01:25:46,668 httpcore.http11 DEBUG send_request_body.complete
2026-04-15 01:25:46,668 httpcore.http11 DEBUG receive_response_headers.started request=<Request [b'GET']>
2026-04-15 01:25:46,671 httpcore.http11 DEBUG receive_response_headers.complete return_value=(b'HTTP/1.1', 200, b'OK', [(b'Content-Length', b'2'), (b'Content-Type', b'application/json'), (b'Date', b'Wed, 15 Apr 2026 01:25:45 GMT'), (b'Server', b'uvicorn')])
2026-04-15 01:25:46,671 httpx INFO HTTP Request: GET https://volundr.valhalla.asgard.niuu.world/mimir/sources?unprocessed=true "HTTP/1.1 200 OK"
2026-04-15 01:25:46,671 httpcore.http11 DEBUG receive_response_body.started request=<Request [b'GET']>
2026-04-15 01:25:46,671 httpcore.http11 DEBUG receive_response_body.complete
2026-04-15 01:25:46,671 httpcore.http11 DEBUG response_closed.started
2026-04-15 01:25:46,671 httpcore.http11 DEBUG response_closed.complete
2026-04-15 01:25:46,764 pynng.nng DEBUG Pipe callback event 0
2026-04-15 01:25:46,764 pynng.nng DEBUG Pipe callback event 1
2026-04-15 01:25:46,766 pynng.nng DEBUG Pipe callback event 2
2026-04-15 01:25:46,799 pynng.nng DEBUG Pipe callback event 0
2026-04-15 01:25:46,800 pynng.nng DEBUG Pipe callback event 1
2026-04-15 01:25:46,801 ravn.adapters.discovery.mdns DEBUG mdns_discovery: responder error: no running event loop
2026-04-15 01:25:46,801 pynng.nng DEBUG Pipe callback event 2
2026-04-15 01:25:46,922 pynng.nng DEBUG Pipe callback event 0
2026-04-15 01:25:46,922 pynng.nng DEBUG Pipe callback event 1
2026-04-15 01:25:46,924 ravn.adapters.discovery.mdns DEBUG mdns_discovery: responder error: no running event loop
2026-04-15 01:25:46,924 pynng.nng DEBUG Pipe callback event 2
2026-04-15 01:25:47,716 pynng.nng DEBUG Pipe callback event 0
2026-04-15 01:25:47,716 pynng.nng DEBUG Pipe callback event 1
2026-04-15 01:25:49,608 pynng.nng DEBUG Pipe callback event 0
2026-04-15 01:25:49,609 pynng.nng DEBUG Pipe callback event 1
2026-04-15 01:25:51,592 sleipnir.adapters.nng_transport DEBUG NngSubscriber: discovered 3 publisher(s): ['ipc:///tmp/ravn-mesh/node-1.ipc', 'ipc:///tmp/ravn-mesh/node-2.ipc', 'ipc:///tmp/ravn-mesh/node-3.ipc']
2026-04-15 01:25:56,593 sleipnir.adapters.nng_transport DEBUG NngSubscriber: discovered 3 publisher(s): ['ipc:///tmp/ravn-mesh/node-1.ipc', 'ipc:///tmp/ravn-mesh/node-2.ipc', 'ipc:///tmp/ravn-mesh/node-3.ipc']
2026-04-15 01:26:01,594 sleipnir.adapters.nng_transport DEBUG NngSubscriber: discovered 3 publisher(s): ['ipc:///tmp/ravn-mesh/node-1.ipc', 'ipc:///tmp/ravn-mesh/node-2.ipc', 'ipc:///tmp/ravn-mesh/node-3.ipc']
