2026-04-15 01:25:40,703 asyncio DEBUG Using selector: EpollSelector
2026-04-15 01:25:41,380 ravn.cli.commands INFO cron: wired 0 config job(s); store at /volundr/home/.ravn/cron/jobs.json
2026-04-15 01:25:41,381 ravn.cli.commands INFO mimir: source trigger registered (poll=60s, persona=mimir-curator)
2026-04-15 01:25:41,382 ravn.cli.commands INFO mimir: staleness trigger registered (schedule=6h, top_n=20, persona=mimir-curator)
2026-04-15 01:25:41,382 ravn.cli.commands INFO thread: queue trigger registered (enabled=False, poll_interval=300s)
2026-04-15 01:25:41,479 ravn.cli.commands INFO cascade: registered 6 tools (mesh=True, discovery=True)
2026-04-15 01:25:41,480 ravn.cli.commands INFO mesh_routing: registered 2 tools
2026-04-15 01:25:41,480 ravn.cli.commands INFO mesh: will subscribe to event_type=review.changes_requested after start
2026-04-15 01:25:41,480 ravn.cli.commands INFO mesh: will subscribe to event_type=security.changes_requested after start
2026-04-15 01:25:41,480 ravn.cli.commands INFO mesh: will subscribe to event_type=code.requested after start
2026-04-15 01:25:41,480 ravn.cli.commands INFO mesh: will subscribe to event_type=bug.fix.requested after start
2026-04-15 01:25:41,480 ravn.cli.commands INFO mesh: will subscribe to event_type=feature.requested after start
2026-04-15 01:25:42,682 ravn.adapters.discovery.mdns DEBUG mdns_discovery: registered ravn-mesh-1._ravn._tcp.local. at 10.80.106.231:7490
2026-04-15 01:25:42,683 ravn.adapters.discovery.mdns INFO mdns_discovery: started peer=ravn-mesh-1 handshake_port=7490
2026-04-15 01:25:42,685 sleipnir.adapters.nng_transport DEBUG NngPublisher: bound to ipc:///tmp/ravn-mesh/node-1.ipc
2026-04-15 01:25:42,689 sleipnir.adapters.discovery DEBUG ServiceRegistry: registered ravn:ravn-mesh-1 at ipc:///tmp/ravn-mesh/node-1.ipc
2026-04-15 01:25:42,691 sleipnir.adapters.nng_transport DEBUG NngSubscriber: discovered 1 publisher(s): ['ipc:///tmp/ravn-mesh/node-1.ipc']
2026-04-15 01:25:42,691 sleipnir.adapters.nng_transport DEBUG NngSubscriber: dialing ipc:///tmp/ravn-mesh/node-1.ipc
2026-04-15 01:25:42,691 pynng.nng DEBUG Pipe callback event 0
2026-04-15 01:25:42,692 pynng.nng DEBUG Pipe callback event 1
2026-04-15 01:25:42,692 pynng.nng DEBUG Pipe callback event 0
2026-04-15 01:25:42,692 pynng.nng DEBUG Pipe callback event 1
2026-04-15 01:25:42,712 ravn.adapters.mesh.sleipnir_mesh INFO sleipnir_mesh: started peer=ravn-mesh-1
2026-04-15 01:25:42,712 ravn.cli.commands INFO mesh: subscribing to event_type=review.changes_requested
2026-04-15 01:25:42,712 ravn.cli.commands INFO mesh: subscribing to event_type=security.changes_requested
2026-04-15 01:25:42,712 ravn.cli.commands INFO mesh: subscribing to event_type=code.requested
2026-04-15 01:25:42,712 ravn.cli.commands INFO mesh: subscribing to event_type=bug.fix.requested
2026-04-15 01:25:42,712 ravn.cli.commands INFO mesh: subscribing to event_type=feature.requested
ravn daemon started.
  Channels: none
  Triggers: cron, mimir_source, mimir_staleness, thread_queue
  Drive loop: running (max 3 concurrent tasks)
Press Ctrl+C to stop.
2026-04-15 01:25:42,713 ravn.drive_loop INFO drive_loop: starting trigger 'cron'
2026-04-15 01:25:42,716 ravn.drive_loop INFO drive_loop: starting trigger 'mimir_source'
2026-04-15 01:25:42,716 ravn.adapters.triggers.mimir_source INFO MimirSourceTrigger: starting (poll_interval=60s, persona=mimir-curator)
2026-04-15 01:25:42,798 ravn.drive_loop INFO drive_loop: starting trigger 'mimir_staleness'
2026-04-15 01:25:42,798 ravn.adapters.triggers.mimir_staleness INFO MimirStalenessTrigger: starting (schedule=6h, top_n=20, persona=mimir-curator)
2026-04-15 01:25:42,800 ravn.adapters.triggers.mimir_staleness DEBUG MimirStalenessTrigger: no usage data — skipping
2026-04-15 01:25:42,800 ravn.drive_loop INFO drive_loop: starting trigger 'thread_queue'
2026-04-15 01:25:42,800 ravn.adapters.triggers.thread_queue INFO ThreadQueueTrigger: starting (enabled=False, poll_interval=300s, owner='ravn-71344af5')
2026-04-15 01:25:42,800 httpcore.connection DEBUG connect_tcp.started host='volundr.valhalla.asgard.niuu.world' port=443 local_address=None timeout=30.0 socket_options=None
2026-04-15 01:25:42,805 httpcore.connection DEBUG connect_tcp.complete return_value=<httpcore._backends.anyio.AnyIOStream object at 0x7f59f2f35be0>
2026-04-15 01:25:42,806 httpcore.connection DEBUG start_tls.started ssl_context=<ssl.SSLContext object at 0x7f5a036dbd10> server_hostname='volundr.valhalla.asgard.niuu.world' timeout=30.0
2026-04-15 01:25:42,812 httpcore.connection DEBUG start_tls.complete return_value=<httpcore._backends.anyio.AnyIOStream object at 0x7f59f2ee8f50>
2026-04-15 01:25:42,812 httpcore.http11 DEBUG send_request_headers.started request=<Request [b'GET']>
2026-04-15 01:25:42,812 httpcore.http11 DEBUG send_request_headers.complete
2026-04-15 01:25:42,812 httpcore.http11 DEBUG send_request_body.started request=<Request [b'GET']>
2026-04-15 01:25:42,812 httpcore.http11 DEBUG send_request_body.complete
2026-04-15 01:25:42,812 httpcore.http11 DEBUG receive_response_headers.started request=<Request [b'GET']>
2026-04-15 01:25:42,815 httpcore.http11 DEBUG receive_response_headers.complete return_value=(b'HTTP/1.1', 200, b'OK', [(b'Content-Length', b'2'), (b'Content-Type', b'application/json'), (b'Date', b'Wed, 15 Apr 2026 01:25:41 GMT'), (b'Server', b'uvicorn')])
2026-04-15 01:25:42,815 httpx INFO HTTP Request: GET https://volundr.valhalla.asgard.niuu.world/mimir/sources?unprocessed=true "HTTP/1.1 200 OK"
2026-04-15 01:25:42,815 httpcore.http11 DEBUG receive_response_body.started request=<Request [b'GET']>
2026-04-15 01:25:42,816 httpcore.http11 DEBUG receive_response_body.complete
2026-04-15 01:25:42,816 httpcore.http11 DEBUG response_closed.started
2026-04-15 01:25:42,816 httpcore.http11 DEBUG response_closed.complete
2026-04-15 01:25:44,585 pynng.nng DEBUG Pipe callback event 0
2026-04-15 01:25:44,586 pynng.nng DEBUG Pipe callback event 1
2026-04-15 01:25:44,682 pynng.nng DEBUG Pipe callback event 0
2026-04-15 01:25:44,682 pynng.nng DEBUG Pipe callback event 1
2026-04-15 01:25:44,684 ravn.adapters.discovery.mdns DEBUG mdns_discovery: responder error: no running event loop
2026-04-15 01:25:44,684 pynng.nng DEBUG Pipe callback event 2
2026-04-15 01:25:45,069 pynng.nng DEBUG Pipe callback event 0
2026-04-15 01:25:45,069 pynng.nng DEBUG Pipe callback event 1
2026-04-15 01:25:45,071 pynng.nng DEBUG Pipe callback event 2
2026-04-15 01:25:46,568 pynng.nng DEBUG Pipe callback event 0
2026-04-15 01:25:46,569 pynng.nng DEBUG Pipe callback event 1
2026-04-15 01:25:46,764 pynng.nng DEBUG Pipe callback event 0
2026-04-15 01:25:46,764 pynng.nng DEBUG Pipe callback event 1
2026-04-15 01:25:46,766 ravn.adapters.discovery.mdns DEBUG mdns_discovery: responder error: no running event loop
2026-04-15 01:25:46,766 pynng.nng DEBUG Pipe callback event 2
2026-04-15 01:25:46,922 pynng.nng DEBUG Pipe callback event 0
2026-04-15 01:25:46,922 pynng.nng DEBUG Pipe callback event 1
2026-04-15 01:25:46,924 pynng.nng DEBUG Pipe callback event 2
2026-04-15 01:25:47,715 sleipnir.adapters.nng_transport DEBUG NngSubscriber: discovered 3 publisher(s): ['ipc:///tmp/ravn-mesh/node-1.ipc', 'ipc:///tmp/ravn-mesh/node-2.ipc', 'ipc:///tmp/ravn-mesh/node-3.ipc']
2026-04-15 01:25:47,715 sleipnir.adapters.nng_transport INFO NngSubscriber: discovered new publisher, dialing ipc:///tmp/ravn-mesh/node-2.ipc
2026-04-15 01:25:47,716 pynng.nng DEBUG Pipe callback event 0
2026-04-15 01:25:47,716 pynng.nng DEBUG Pipe callback event 1
2026-04-15 01:25:47,716 pynng.nng DEBUG Pipe callback event 0
2026-04-15 01:25:47,716 sleipnir.adapters.nng_transport INFO NngSubscriber: discovered new publisher, dialing ipc:///tmp/ravn-mesh/node-3.ipc
2026-04-15 01:25:47,717 pynng.nng DEBUG Pipe callback event 1
2026-04-15 01:25:52,718 sleipnir.adapters.nng_transport DEBUG NngSubscriber: discovered 3 publisher(s): ['ipc:///tmp/ravn-mesh/node-1.ipc', 'ipc:///tmp/ravn-mesh/node-2.ipc', 'ipc:///tmp/ravn-mesh/node-3.ipc']
2026-04-15 01:25:57,719 sleipnir.adapters.nng_transport DEBUG NngSubscriber: discovered 3 publisher(s): ['ipc:///tmp/ravn-mesh/node-1.ipc', 'ipc:///tmp/ravn-mesh/node-2.ipc', 'ipc:///tmp/ravn-mesh/node-3.ipc']
2026-04-15 01:26:02,721 sleipnir.adapters.nng_transport DEBUG NngSubscriber: discovered 3 publisher(s): ['ipc:///tmp/ravn-mesh/node-1.ipc', 'ipc:///tmp/ravn-mesh/node-2.ipc', 'ipc:///tmp/ravn-mesh/node-3.ipc']
