2026-04-14 01:02:07,372 ravn.cli.commands INFO cron: wired 0 config job(s); store at /volundr/home/.ravn/cron/jobs.json
2026-04-14 01:02:07,372 ravn.cli.commands INFO mimir: source trigger registered (poll=60s, persona=mimir-curator)
2026-04-14 01:02:07,373 ravn.cli.commands INFO mimir: staleness trigger registered (schedule=6h, top_n=20, persona=mimir-curator)
2026-04-14 01:02:07,373 ravn.cli.commands INFO thread: queue trigger registered (enabled=False, poll_interval=300s)
2026-04-14 01:02:07,480 ravn.cli.commands INFO cascade: registered 6 tools (mesh=True, discovery=True)
2026-04-14 01:02:07,480 ravn.cli.commands INFO mesh_routing: registered 2 tools
2026-04-14 01:02:07,634 ravn.adapters.discovery.mdns INFO mdns_discovery: started peer=ravn-mesh-1 handshake_port=7490
2026-04-14 01:02:07,662 ravn.adapters.mesh.sleipnir_mesh INFO sleipnir_mesh: started peer=ravn-mesh-1
ravn daemon started.
  Channels: none
  Triggers: cron, mimir_source, mimir_staleness, thread_queue
  Drive loop: running (max 3 concurrent tasks)
Press Ctrl+C to stop.
2026-04-14 01:02:07,663 ravn.drive_loop INFO drive_loop: starting trigger 'cron'
2026-04-14 01:02:07,664 ravn.adapters.triggers.cron WARNING cron: another instance holds the lock — skipping
2026-04-14 01:02:07,664 ravn.drive_loop INFO drive_loop: starting trigger 'mimir_source'
2026-04-14 01:02:07,665 ravn.adapters.triggers.mimir_source INFO MimirSourceTrigger: starting (poll_interval=60s, persona=mimir-curator)
2026-04-14 01:02:07,667 ravn.drive_loop INFO drive_loop: starting trigger 'mimir_staleness'
2026-04-14 01:02:07,667 ravn.adapters.triggers.mimir_staleness INFO MimirStalenessTrigger: starting (schedule=6h, top_n=20, persona=mimir-curator)
2026-04-14 01:02:07,668 ravn.drive_loop INFO drive_loop: starting trigger 'thread_queue'
2026-04-14 01:02:07,668 ravn.adapters.triggers.thread_queue INFO ThreadQueueTrigger: starting (enabled=False, poll_interval=300s, owner='ravn-2170b45b')
